<?xml version="1.0" encoding="UTF-8"?>
<coverage generated="1742608659335" clover="3.2.0">
  <project timestamp="1742608659335" name="All files">
    <metrics statements="14" coveredstatements="14" conditionals="1" coveredconditionals="1" methods="2" coveredmethods="2" elements="17" coveredelements="17" complexity="0" loc="14" ncloc="14" packages="2" files="4" classes="4"/>
    <package name="ErrorPage">
      <metrics statements="6" coveredstatements="6" conditionals="1" coveredconditionals="1" methods="1" coveredmethods="1"/>
      <file name="index.tsx" path="/Users/adson/Projects/Furniro-Project/src/components/ErrorPage/index.tsx">
        <metrics statements="4" coveredstatements="4" conditionals="1" coveredconditionals="1" methods="1" coveredmethods="1"/>
        <line num="3" count="1" type="stmt"/>
        <line num="5" count="1" type="stmt"/>
        <line num="8" count="2" type="stmt"/>
        <line num="17" count="1" type="stmt"/>
      </file>
      <file name="styles.ts" path="/Users/adson/Projects/Furniro-Project/src/components/ErrorPage/styles.ts">
        <metrics statements="2" coveredstatements="2" conditionals="0" coveredconditionals="0" methods="0" coveredmethods="0"/>
        <line num="1" count="1" type="stmt"/>
        <line num="3" count="1" type="stmt"/>
      </file>
    </package>
    <package name="Header.components.HeaderLogo">
      <metrics statements="8" coveredstatements="8" conditionals="0" coveredconditionals="0" methods="1" coveredmethods="1"/>
      <file name="index.tsx" path="/Users/adson/Projects/Furniro-Project/src/components/Header/components/HeaderLogo/index.tsx">
        <metrics statements="5" coveredstatements="5" conditionals="0" coveredconditionals="0" methods="1" coveredmethods="1"/>
        <line num="2" count="1" type="stmt"/>
        <line num="3" count="1" type="stmt"/>
        <line num="5" count="1" type="stmt"/>
        <line num="6" count="1" type="stmt"/>
        <line num="14" count="1" type="stmt"/>
      </file>
      <file name="styles.ts" path="/Users/adson/Projects/Furniro-Project/src/components/Header/components/HeaderLogo/styles.ts">
        <metrics statements="3" coveredstatements="3" conditionals="0" coveredconditionals="0" methods="0" coveredmethods="0"/>
        <line num="1" count="1" type="stmt"/>
        <line num="3" count="1" type="stmt"/>
        <line num="11" count="1" type="stmt"/>
      </file>
    </package>
  </project>
</coverage>
