{"/Users/adson/Projects/Furniro-Project/src/components/Header/components/HeaderLogo/index.tsx": {"path":"/Users/adson/Projects/Furniro-Project/src/components/Header/components/HeaderLogo/index.tsx","statementMap":{"0":{"start":{"line":2,"column":0},"end":{"line":2,"column":52}},"1":{"start":{"line":3,"column":0},"end":{"line":3,"column":47}},"2":{"start":{"line":5,"column":19},"end":{"line":12,"column":1}},"3":{"start":{"line":6,"column":2},"end":{"line":11,"column":4}},"4":{"start":{"line":14,"column":0},"end":{"line":14,"column":26}}},"fnMap":{"0":{"name":"(anonymous_1)","decl":{"start":{"line":5,"column":19},"end":{"line":5,"column":22}},"loc":{"start":{"line":5,"column":24},"end":{"line":12,"column":1}}}},"branchMap":{},"s":{"0":1,"1":1,"2":1,"3":1,"4":1},"f":{"0":1},"b":{}}
,"/Users/adson/Projects/Furniro-Project/src/components/Header/components/HeaderLogo/styles.ts": {"path":"/Users/adson/Projects/Furniro-Project/src/components/Header/components/HeaderLogo/styles.ts","statementMap":{"0":{"start":{"line":1,"column":0},"end":{"line":1,"column":39}},"1":{"start":{"line":3,"column":13},"end":{"line":9,"column":2}},"2":{"start":{"line":11,"column":13},"end":{"line":15,"column":2}}},"fnMap":{},"branchMap":{},"s":{"0":1,"1":1,"2":1},"f":{},"b":{}}
,"/Users/adson/Projects/Furniro-Project/src/pages/Home/components/BrowseSection/index.tsx": {"path":"/Users/adson/Projects/Furniro-Project/src/pages/Home/components/BrowseSection/index.tsx","statementMap":{"0":{"start":{"line":1,"column":0},"end":{"line":1,"column":47}},"1":{"start":{"line":2,"column":0},"end":{"line":2,"column":53}},"2":{"start":{"line":4,"column":0},"end":{"line":4,"column":null}},"3":{"start":{"line":11,"column":22},"end":{"line":45,"column":1}},"4":{"start":{"line":12,"column":19},"end":{"line":12,"column":32}},"5":{"start":{"line":13,"column":2},"end":{"line":44,"column":4}},"6":{"start":{"line":21,"column":35},"end":{"line":21,"column":73}},"7":{"start":{"line":28,"column":35},"end":{"line":28,"column":73}},"8":{"start":{"line":35,"column":35},"end":{"line":35,"column":74}},"9":{"start":{"line":47,"column":0},"end":{"line":47,"column":29}}},"fnMap":{"0":{"name":"(anonymous_1)","decl":{"start":{"line":11,"column":22},"end":{"line":11,"column":25}},"loc":{"start":{"line":11,"column":27},"end":{"line":45,"column":1}}},"1":{"name":"(anonymous_2)","decl":{"start":{"line":21,"column":29},"end":{"line":21,"column":32}},"loc":{"start":{"line":21,"column":35},"end":{"line":21,"column":73}}},"2":{"name":"(anonymous_3)","decl":{"start":{"line":28,"column":29},"end":{"line":28,"column":32}},"loc":{"start":{"line":28,"column":35},"end":{"line":28,"column":73}}},"3":{"name":"(anonymous_4)","decl":{"start":{"line":35,"column":29},"end":{"line":35,"column":32}},"loc":{"start":{"line":35,"column":35},"end":{"line":35,"column":74}}}},"branchMap":{},"s":{"0":1,"1":1,"2":1,"3":1,"4":1,"5":1,"6":0,"7":0,"8":0,"9":1},"f":{"0":1,"1":0,"2":0,"3":0},"b":{}}
,"/Users/adson/Projects/Furniro-Project/src/pages/Home/components/BrowseSection/styles.ts": {"path":"/Users/adson/Projects/Furniro-Project/src/pages/Home/components/BrowseSection/styles.ts","statementMap":{"0":{"start":{"line":1,"column":0},"end":{"line":1,"column":43}},"1":{"start":{"line":3,"column":13},"end":{"line":13,"column":2}},"2":{"start":{"line":15,"column":13},"end":{"line":26,"column":2}},"3":{"start":{"line":28,"column":13},"end":{"line":38,"column":2}},"4":{"start":{"line":39,"column":13},"end":{"line":43,"column":2}}},"fnMap":{},"branchMap":{},"s":{"0":1,"1":1,"2":1,"3":1,"4":1},"f":{},"b":{}}
,"/Users/adson/Projects/Furniro-Project/src/pages/Home/components/HomeSectionHeader/index.tsx": {"path":"/Users/adson/Projects/Furniro-Project/src/pages/Home/components/HomeSectionHeader/index.tsx","statementMap":{"0":{"start":{"line":2,"column":0},"end":{"line":2,"column":null}},"1":{"start":{"line":9,"column":26},"end":{"line":22,"column":1}},"2":{"start":{"line":15,"column":2},"end":{"line":21,"column":4}},"3":{"start":{"line":24,"column":0},"end":{"line":24,"column":33}}},"fnMap":{"0":{"name":"(anonymous_0)","decl":{"start":{"line":9,"column":26},"end":{"line":9,"column":27}},"loc":{"start":{"line":14,"column":29},"end":{"line":22,"column":1}}}},"branchMap":{"0":{"loc":{"start":{"line":13,"column":2},"end":{"line":13,"column":21}},"type":"default-arg","locations":[{"start":{"line":13,"column":17},"end":{"line":13,"column":21}}]},"1":{"loc":{"start":{"line":17,"column":7},"end":{"line":17,"column":70}},"type":"cond-expr","locations":[{"start":{"line":17,"column":18},"end":{"line":17,"column":63}},{"start":{"line":17,"column":66},"end":{"line":17,"column":70}}]},"2":{"loc":{"start":{"line":18,"column":7},"end":{"line":18,"column":58}},"type":"cond-expr","locations":[{"start":{"line":18,"column":15},"end":{"line":18,"column":51}},{"start":{"line":18,"column":54},"end":{"line":18,"column":58}}]},"3":{"loc":{"start":{"line":19,"column":7},"end":{"line":19,"column":70}},"type":"cond-expr","locations":[{"start":{"line":19,"column":18},"end":{"line":19,"column":63}},{"start":{"line":19,"column":66},"end":{"line":19,"column":70}}]}},"s":{"0":1,"1":1,"2":1,"3":1},"f":{"0":1},"b":{"0":[1],"1":[0,1],"2":[1,0],"3":[1,0]}}
,"/Users/adson/Projects/Furniro-Project/src/pages/Home/components/HomeSectionHeader/styles.ts": {"path":"/Users/adson/Projects/Furniro-Project/src/pages/Home/components/HomeSectionHeader/styles.ts","statementMap":{"0":{"start":{"line":1,"column":0},"end":{"line":1,"column":48}},"1":{"start":{"line":3,"column":13},"end":{"line":17,"column":2}},"2":{"start":{"line":7,"column":4},"end":{"line":13,"column":null}},"3":{"start":{"line":19,"column":13},"end":{"line":24,"column":2}},"4":{"start":{"line":25,"column":13},"end":{"line":29,"column":2}},"5":{"start":{"line":30,"column":13},"end":{"line":40,"column":2}}},"fnMap":{"0":{"name":"(anonymous_6)","decl":{"start":{"line":6,"column":4},"end":{"line":6,"column":5}},"loc":{"start":{"line":7,"column":4},"end":{"line":13,"column":null}}}},"branchMap":{"0":{"loc":{"start":{"line":6,"column":7},"end":{"line":6,"column":27}},"type":"default-arg","locations":[{"start":{"line":6,"column":23},"end":{"line":6,"column":27}}]},"1":{"loc":{"start":{"line":7,"column":4},"end":{"line":13,"column":null}},"type":"cond-expr","locations":[{"start":{"line":8,"column":8},"end":{"line":10,"column":null}},{"start":{"line":11,"column":8},"end":{"line":13,"column":null}}]}},"s":{"0":1,"1":1,"2":1,"3":1,"4":1,"5":1},"f":{"0":1},"b":{"0":[0],"1":[1,0]}}
}
