TN:
SF:src/components/Header/components/HeaderLogo/index.tsx
FN:5,(anonymous_1)
FNF:1
FNH:1
FNDA:1,(anonymous_1)
DA:2,1
DA:3,1
DA:5,1
DA:6,1
DA:14,1
LF:5
LH:5
BRF:0
BRH:0
end_of_record
TN:
SF:src/components/Header/components/HeaderLogo/styles.ts
FNF:0
FNH:0
DA:1,1
DA:3,1
DA:11,1
LF:3
LH:3
BRF:0
BRH:0
end_of_record
TN:
SF:src/pages/Home/components/BrowseSection/index.tsx
FN:11,(anonymous_1)
FN:21,(anonymous_2)
FN:28,(anonymous_3)
FN:35,(anonymous_4)
FNF:4
FNH:1
FNDA:1,(anonymous_1)
FNDA:0,(anonymous_2)
FNDA:0,(anonymous_3)
FNDA:0,(anonymous_4)
DA:1,1
DA:2,1
DA:4,1
DA:11,1
DA:12,1
DA:13,1
DA:21,0
DA:28,0
DA:35,0
DA:47,1
LF:10
LH:7
BRF:0
BRH:0
end_of_record
TN:
SF:src/pages/Home/components/BrowseSection/styles.ts
FNF:0
FNH:0
DA:1,1
DA:3,1
DA:15,1
DA:28,1
DA:39,1
LF:5
LH:5
BRF:0
BRH:0
end_of_record
TN:
SF:src/pages/Home/components/HomeSectionHeader/index.tsx
FN:9,(anonymous_0)
FNF:1
FNH:1
FNDA:1,(anonymous_0)
DA:2,1
DA:9,1
DA:15,1
DA:24,1
LF:4
LH:4
BRDA:13,0,0,1
BRDA:17,1,0,0
BRDA:17,1,1,1
BRDA:18,2,0,1
BRDA:18,2,1,0
BRDA:19,3,0,1
BRDA:19,3,1,0
BRF:7
BRH:4
end_of_record
TN:
SF:src/pages/Home/components/HomeSectionHeader/styles.ts
FN:6,(anonymous_6)
FNF:1
FNH:1
FNDA:1,(anonymous_6)
DA:1,1
DA:3,1
DA:7,1
DA:19,1
DA:25,1
DA:30,1
LF:6
LH:6
BRDA:6,0,0,0
BRDA:7,1,0,1
BRDA:7,1,1,0
BRF:3
BRH:1
end_of_record
